<?xml version="1.0" encoding="UTF-8"?>
<testng-results ignored="0" total="1" passed="1" failed="0" skipped="0">
  <reporter-output>
  </reporter-output>
  <suite started-at="2019-12-04T02:07:08Z" name="Automated Test Suite" finished-at="2019-12-04T02:07:22Z" duration-ms="13911">
    <groups>
    </groups>
    <test started-at="2019-12-04T02:07:08Z" name="Functional Test" finished-at="2019-12-04T02:07:22Z" duration-ms="13911">
      <class name="com.webstaurant.selenium.tests.AddToCartTest">
        <test-method is-config="true" signature="initialize()[pri:0, instance:com.webstaurant.selenium.tests.AddToCartTest@2f490758]" started-at="2019-12-04T02:07:02Z" name="initialize" finished-at="2019-12-04T02:07:08Z" duration-ms="5395" status="PASS">
          <reporter-output>
          </reporter-output>
        </test-method> <!-- initialize -->
        <test-method signature="runTest()[pri:0, instance:com.webstaurant.selenium.tests.AddToCartTest@2f490758]" started-at="2019-12-04T02:07:08Z" name="runTest" finished-at="2019-12-04T02:07:22Z" duration-ms="13885" status="PASS">
          <reporter-output>
          </reporter-output>
        </test-method> <!-- runTest -->
        <test-method is-config="true" signature="cleanup()[pri:0, instance:com.webstaurant.selenium.tests.AddToCartTest@2f490758]" started-at="2019-12-04T02:07:22Z" name="cleanup" finished-at="2019-12-04T02:07:22Z" duration-ms="107" status="PASS">
          <reporter-output>
          </reporter-output>
        </test-method> <!-- cleanup -->
      </class> <!-- com.webstaurant.selenium.tests.AddToCartTest -->
    </test> <!-- Functional Test -->
  </suite> <!-- Automated Test Suite -->
</testng-results>
