<?xml version="1.0" encoding="UTF-8"?>
<testng-results ignored="0" total="1" passed="1" failed="0" skipped="0">
  <reporter-output>
  </reporter-output>
  <suite started-at="2019-12-04T02:44:24Z" name="Automated Test Suite" finished-at="2019-12-04T02:44:33Z" duration-ms="8979">
    <groups>
    </groups>
    <test started-at="2019-12-04T02:44:24Z" name="Functional Test" finished-at="2019-12-04T02:44:33Z" duration-ms="8979">
      <class name="com.webstaurant.selenium.tests.AddToCartTest">
        <test-method is-config="true" signature="initialize()[pri:0, instance:com.webstaurant.selenium.tests.AddToCartTest@23529fee]" started-at="2019-12-04T02:44:21Z" name="initialize" finished-at="2019-12-04T02:44:24Z" duration-ms="3164" status="PASS">
          <reporter-output>
          </reporter-output>
        </test-method> <!-- initialize -->
        <test-method signature="runTest()[pri:0, instance:com.webstaurant.selenium.tests.AddToCartTest@23529fee]" started-at="2019-12-04T02:44:24Z" name="runTest" finished-at="2019-12-04T02:44:33Z" duration-ms="8961" status="PASS">
          <reporter-output>
          </reporter-output>
        </test-method> <!-- runTest -->
        <test-method is-config="true" signature="cleanup()[pri:0, instance:com.webstaurant.selenium.tests.AddToCartTest@23529fee]" started-at="2019-12-04T02:44:33Z" name="cleanup" finished-at="2019-12-04T02:44:33Z" duration-ms="80" status="PASS">
          <reporter-output>
          </reporter-output>
        </test-method> <!-- cleanup -->
      </class> <!-- com.webstaurant.selenium.tests.AddToCartTest -->
    </test> <!-- Functional Test -->
  </suite> <!-- Automated Test Suite -->
</testng-results>
